c:\users\alexander\documents\github\jacksadventurerpg\project1_oop_game\debug\vc120.pdb
c:\users\alexander\documents\github\jacksadventurerpg\project1_oop_game\debug\vc120.idb
c:\users\alexander\documents\github\jacksadventurerpg\project1_oop_game\debug\bag.obj
c:\users\alexander\documents\github\jacksadventurerpg\project1_oop_game\debug\basicfeatures.obj
c:\users\alexander\documents\github\jacksadventurerpg\project1_oop_game\debug\cell.obj
c:\users\alexander\documents\github\jacksadventurerpg\project1_oop_game\debug\gear.obj
c:\users\alexander\documents\github\jacksadventurerpg\project1_oop_game\debug\hero.obj
c:\users\alexander\documents\github\jacksadventurerpg\project1_oop_game\debug\item.obj
c:\users\alexander\documents\github\jacksadventurerpg\project1_oop_game\debug\main.obj
c:\users\alexander\documents\github\jacksadventurerpg\project1_oop_game\debug\map.obj
c:\users\alexander\documents\github\jacksadventurerpg\project1_oop_game\debug\monster.obj
c:\users\alexander\documents\github\jacksadventurerpg\debug\project1_oop_game.ilk
c:\users\alexander\documents\github\jacksadventurerpg\debug\project1_oop_game.exe
c:\users\alexander\documents\github\jacksadventurerpg\debug\project1_oop_game.pdb
c:\users\alexander\documents\github\jacksadventurerpg\project1_oop_game\debug\project1.21841b47.tlog\cl.command.1.tlog
c:\users\alexander\documents\github\jacksadventurerpg\project1_oop_game\debug\project1.21841b47.tlog\cl.read.1.tlog
c:\users\alexander\documents\github\jacksadventurerpg\project1_oop_game\debug\project1.21841b47.tlog\cl.write.1.tlog
c:\users\alexander\documents\github\jacksadventurerpg\project1_oop_game\debug\project1.21841b47.tlog\link.command.1.tlog
c:\users\alexander\documents\github\jacksadventurerpg\project1_oop_game\debug\project1.21841b47.tlog\link.read.1.tlog
c:\users\alexander\documents\github\jacksadventurerpg\project1_oop_game\debug\project1.21841b47.tlog\link.write.1.tlog
